[  0%] org.springframework.samples.petclinic.PetClinicApplication
Skipping a SpringBootApplication (no logic to be tested)
[  4%] org.springframework.samples.petclinic.model.BaseEntity
[  8%] org.springframework.samples.petclinic.model.NamedEntity
[ 12%] org.springframework.samples.petclinic.model.Person
[ 16%] org.springframework.samples.petclinic.owner.Owner
[ 20%] org.springframework.samples.petclinic.owner.OwnerController
SOURCE
package org.springframework.samples.petclinic.owner;

import org.springframework.beans.factory.annotation.Autowired;
import org.junit.Test;

@org.springframework.boot.test.autoconfigure.orm.jpa.DataJpaTest
public class OwnerRepositoryTest {
  @Autowired org.springframework.samples.petclinic.owner.OwnerRepository repository;

  @Test void method() { }
}

MANAGER
[ 24%] org.springframework.samples.petclinic.owner.OwnerRepository
[ 24%] org.springframework.samples.petclinic.owner.Pet
[ 28%] org.springframework.samples.petclinic.owner.PetController
SOURCE
package org.springframework.samples.petclinic.owner;

import org.springframework.beans.factory.annotation.Autowired;
import org.junit.Test;

@org.springframework.boot.test.autoconfigure.orm.jpa.DataJpaTest
public class PetRepositoryTest {
  @Autowired org.springframework.samples.petclinic.owner.PetRepository repository;

  @Test void method() { }
}

MANAGER
[ 32%] org.springframework.samples.petclinic.owner.PetRepository
[ 32%] org.springframework.samples.petclinic.owner.PetType
[ 36%] org.springframework.samples.petclinic.owner.PetTypeFormatter
[ 40%] org.springframework.samples.petclinic.owner.PetValidator
[ 44%] org.springframework.samples.petclinic.owner.VisitController
[ 48%] org.springframework.samples.petclinic.system.CacheConfiguration
Skipping a Spring Configuration (no logic to be tested)
[ 52%] org.springframework.samples.petclinic.system.CrashController
[ 56%] org.springframework.samples.petclinic.system.WelcomeController
[ 60%] org.springframework.samples.petclinic.vet.Specialty
[ 64%] org.springframework.samples.petclinic.vet.Vet
[ 68%] org.springframework.samples.petclinic.vet.VetController
SOURCE
package org.springframework.samples.petclinic.vet;

import org.springframework.beans.factory.annotation.Autowired;
import org.junit.Test;

@org.springframework.boot.test.autoconfigure.orm.jpa.DataJpaTest
public class VetRepositoryTest {
  @Autowired org.springframework.samples.petclinic.vet.VetRepository repository;

  @Test void method() { }
}

MANAGER
[ 72%] org.springframework.samples.petclinic.vet.VetRepository
[ 72%] org.springframework.samples.petclinic.vet.Vets
[ 76%] org.springframework.samples.petclinic.visit.Visit
SOURCE
package org.springframework.samples.petclinic.visit;

import org.springframework.beans.factory.annotation.Autowired;
import org.junit.Test;

@org.springframework.boot.test.autoconfigure.orm.jpa.DataJpaTest
public class VisitRepositoryTest {
  @Autowired org.springframework.samples.petclinic.visit.VisitRepository repository;

  @Test void method() { }
}

MANAGER
[ 80%] org.springframework.samples.petclinic.visit.VisitRepository
Found 25 classes in src/main/java
SKIPPING org.springframework.samples.petclinic.model.package-info
       Test generation for org.springframework.samples.petclinic.owner.OwnerRepository failed
       Test generation for org.springframework.samples.petclinic.owner.PetRepository failed
       Test generation for org.springframework.samples.petclinic.vet.VetRepository failed
       Test generation for org.springframework.samples.petclinic.visit.VisitRepository failed
[100%] Done
Total coverage: 164/199 82.4%

Tests written to src/test/java
Compiling the tests, iteration 1
org.springframework.samples.petclinic.model.BaseEntityDiffblueTest fails to compile
org.springframework.samples.petclinic.model.NamedEntityDiffblueTest fails to compile
org.springframework.samples.petclinic.model.PersonDiffblueTest fails to compile
Compiling the tests, iteration 2
Running the tests, iteration 1
All JCOVER tests compile & pass
